<?xml version="1.0" encoding="UTF-8"?>
<!-- Generated by org.testng.reporters.JUnitXMLReporter -->
<testsuite ignored="9" hostname="MacBook-Pro-Constantine.local" failures="0" tests="3" name="Surefire test" time="18.106" errors="0" timestamp="2022-02-07T17:07:46 EET">
  <testcase classname="tests.applePageTest.positive.AppleListOfProductsTest" name="checkThatAllProductsHasAWordAppleInName" time="4.811"/>
  <testcase classname="tests.applePageTest.positive.OpenApplePageTest" name="checkIsItApplePage" time="8.458"/>
  <testcase classname="tests.search_iphone.positive.SearchIphoneTest" name="checkIsRedirectToListing" time="4.608"/>
  <testcase classname="tests.base.BaseTest" name="@AfterTest clearCookiesAndLocalStorage" time="0.0">
    <ignored/>
  </testcase> <!-- @AfterTest clearCookiesAndLocalStorage -->
  <testcase classname="tests.base.BaseTest" name="@AfterTest clearCookiesAndLocalStorage" time="0.0">
    <ignored/>
  </testcase> <!-- @AfterTest clearCookiesAndLocalStorage -->
  <testcase classname="tests.base.BaseTest" name="@AfterSuite close" time="0.0">
    <ignored/>
  </testcase> <!-- @AfterSuite close -->
  <testcase classname="tests.base.BaseTest" name="@AfterSuite close" time="0.0">
    <ignored/>
  </testcase> <!-- @AfterSuite close -->
  <testcase classname="tests.base.BaseTest" name="@AfterTest closeBrowser" time="0.0">
    <ignored/>
  </testcase> <!-- @AfterTest closeBrowser -->
  <testcase classname="tests.base.BaseTest" name="@AfterTest closeBrowser" time="0.0">
    <ignored/>
  </testcase> <!-- @AfterTest closeBrowser -->
  <testcase classname="tests.base.BaseTest" name="@AfterTest clearCookiesAndLocalStorage" time="0.0">
    <ignored/>
  </testcase> <!-- @AfterTest clearCookiesAndLocalStorage -->
  <testcase classname="tests.base.BaseTest" name="@AfterTest closeBrowser" time="0.0">
    <ignored/>
  </testcase> <!-- @AfterTest closeBrowser -->
  <testcase classname="tests.base.BaseTest" name="@AfterSuite close" time="0.0">
    <ignored/>
  </testcase> <!-- @AfterSuite close -->
</testsuite> <!-- Surefire test -->
