<?xml version="1.0" encoding="UTF-8"?>
<!-- Generated by org.testng.reporters.JUnitXMLReporter -->
<testsuite ignored="2" hostname="MacBook-Pro-Constantine.local" failures="0" tests="1" name="Surefire test" time="4.677" errors="0" timestamp="2022-02-07T08:39:10 EET">
  <testcase classname="tests.search_iphone.positive.SearchIphoneTest" name="checkIsRedirectToListing" time="4.562"/>
  <testcase classname="tests.base.BaseTest" name="@AfterTest clearCookiesAndLocalStorage" time="0.0">
    <ignored/>
  </testcase> <!-- @AfterTest clearCookiesAndLocalStorage -->
  <testcase classname="tests.base.BaseTest" name="@AfterSuite close" time="0.0">
    <ignored/>
  </testcase> <!-- @AfterSuite close -->
</testsuite> <!-- Surefire test -->
